2026-03-10 17:47:45 [ERROR]: MongoDB connection failed (attempt 1/5) {"error":"bad auth : authentication failed"}
2026-03-10 17:47:51 [ERROR]: MongoDB connection failed (attempt 2/5) {"error":"bad auth : authentication failed"}
2026-03-10 17:47:58 [ERROR]: MongoDB connection failed (attempt 3/5) {"error":"bad auth : authentication failed"}
2026-03-10 17:48:04 [ERROR]: MongoDB connection failed (attempt 4/5) {"error":"bad auth : authentication failed"}
2026-03-10 17:48:10 [ERROR]: MongoDB connection failed (attempt 5/5) {"error":"bad auth : authentication failed"}
2026-03-10 17:48:23 [ERROR]: MongoDB connection failed (attempt 1/5) {"error":"querySrv EBADNAME _mongodb._tcp.123#456&789"}
2026-03-10 17:48:28 [ERROR]: MongoDB connection failed (attempt 2/5) {"error":"querySrv EBADNAME _mongodb._tcp.123#456&789"}
2026-03-10 17:48:33 [ERROR]: MongoDB connection failed (attempt 3/5) {"error":"querySrv EBADNAME _mongodb._tcp.123#456&789"}
2026-03-10 17:48:38 [ERROR]: MongoDB connection failed (attempt 4/5) {"error":"querySrv EBADNAME _mongodb._tcp.123#456&789"}
2026-03-10 17:48:46 [ERROR]: MongoDB connection failed (attempt 1/5) {"error":"querySrv EBADNAME _mongodb._tcp.123#456&789"}
2026-03-10 17:48:51 [ERROR]: MongoDB connection failed (attempt 2/5) {"error":"querySrv EBADNAME _mongodb._tcp.123#456&789"}
2026-03-10 17:48:56 [ERROR]: MongoDB connection failed (attempt 3/5) {"error":"querySrv EBADNAME _mongodb._tcp.123#456&789"}
2026-03-10 17:49:01 [ERROR]: MongoDB connection failed (attempt 4/5) {"error":"querySrv EBADNAME _mongodb._tcp.123#456&789"}
2026-03-10 17:49:06 [ERROR]: MongoDB connection failed (attempt 5/5) {"error":"querySrv EBADNAME _mongodb._tcp.123#456&789"}
2026-03-10 18:54:27 [ERROR]: Error: CORS blocked: http://localhost:5173
    at origin (file:///C:/Users/Ravi/Desktop/zeedaddy/sonuserver/index.js:65:18)
    at C:\Users\Ravi\Desktop\zeedaddy\sonuserver\node_modules\cors\lib\index.js:219:13
    at optionsCallback (C:\Users\Ravi\Desktop\zeedaddy\sonuserver\node_modules\cors\lib\index.js:199:9)
    at corsMiddleware (C:\Users\Ravi\Desktop\zeedaddy\sonuserver\node_modules\cors\lib\index.js:204:7)
    at Layer.handle [as handle_request] (C:\Users\Ravi\Desktop\zeedaddy\sonuserver\node_modules\express\lib\router\layer.js:95:5)
    at trim_prefix (C:\Users\Ravi\Desktop\zeedaddy\sonuserver\node_modules\express\lib\router\index.js:328:13)
    at C:\Users\Ravi\Desktop\zeedaddy\sonuserver\node_modules\express\lib\router\index.js:286:9
    at Function.process_params (C:\Users\Ravi\Desktop\zeedaddy\sonuserver\node_modules\express\lib\router\index.js:346:12)
    at next (C:\Users\Ravi\Desktop\zeedaddy\sonuserver\node_modules\express\lib\router\index.js:280:10)
    at expressInit (C:\Users\Ravi\Desktop\zeedaddy\sonuserver\node_modules\express\lib\middleware\init.js:40:5) {"method":"GET","url":"/api/user/user-details","ip":"::1","userId":null}
2026-03-10 18:54:27 [ERROR]: Error: CORS blocked: http://localhost:5173
    at origin (file:///C:/Users/Ravi/Desktop/zeedaddy/sonuserver/index.js:65:18)
    at C:\Users\Ravi\Desktop\zeedaddy\sonuserver\node_modules\cors\lib\index.js:219:13
    at optionsCallback (C:\Users\Ravi\Desktop\zeedaddy\sonuserver\node_modules\cors\lib\index.js:199:9)
    at corsMiddleware (C:\Users\Ravi\Desktop\zeedaddy\sonuserver\node_modules\cors\lib\index.js:204:7)
    at Layer.handle [as handle_request] (C:\Users\Ravi\Desktop\zeedaddy\sonuserver\node_modules\express\lib\router\layer.js:95:5)
    at trim_prefix (C:\Users\Ravi\Desktop\zeedaddy\sonuserver\node_modules\express\lib\router\index.js:328:13)
    at C:\Users\Ravi\Desktop\zeedaddy\sonuserver\node_modules\express\lib\router\index.js:286:9
    at Function.process_params (C:\Users\Ravi\Desktop\zeedaddy\sonuserver\node_modules\express\lib\router\index.js:346:12)
    at next (C:\Users\Ravi\Desktop\zeedaddy\sonuserver\node_modules\express\lib\router\index.js:280:10)
    at expressInit (C:\Users\Ravi\Desktop\zeedaddy\sonuserver\node_modules\express\lib\middleware\init.js:40:5) {"method":"GET","url":"/api/user/user-details","ip":"::1","userId":null}
2026-03-10 18:54:27 [ERROR]: Error: CORS blocked: http://localhost:5173
    at origin (file:///C:/Users/Ravi/Desktop/zeedaddy/sonuserver/index.js:65:18)
    at C:\Users\Ravi\Desktop\zeedaddy\sonuserver\node_modules\cors\lib\index.js:219:13
    at optionsCallback (C:\Users\Ravi\Desktop\zeedaddy\sonuserver\node_modules\cors\lib\index.js:199:9)
    at corsMiddleware (C:\Users\Ravi\Desktop\zeedaddy\sonuserver\node_modules\cors\lib\index.js:204:7)
    at Layer.handle [as handle_request] (C:\Users\Ravi\Desktop\zeedaddy\sonuserver\node_modules\express\lib\router\layer.js:95:5)
    at trim_prefix (C:\Users\Ravi\Desktop\zeedaddy\sonuserver\node_modules\express\lib\router\index.js:328:13)
    at C:\Users\Ravi\Desktop\zeedaddy\sonuserver\node_modules\express\lib\router\index.js:286:9
    at Function.process_params (C:\Users\Ravi\Desktop\zeedaddy\sonuserver\node_modules\express\lib\router\index.js:346:12)
    at next (C:\Users\Ravi\Desktop\zeedaddy\sonuserver\node_modules\express\lib\router\index.js:280:10)
    at expressInit (C:\Users\Ravi\Desktop\zeedaddy\sonuserver\node_modules\express\lib\middleware\init.js:40:5) {"method":"GET","url":"/api/user/user-details","ip":"::1","userId":null}
2026-03-10 18:54:27 [ERROR]: Error: CORS blocked: http://localhost:5173
    at origin (file:///C:/Users/Ravi/Desktop/zeedaddy/sonuserver/index.js:65:18)
    at C:\Users\Ravi\Desktop\zeedaddy\sonuserver\node_modules\cors\lib\index.js:219:13
    at optionsCallback (C:\Users\Ravi\Desktop\zeedaddy\sonuserver\node_modules\cors\lib\index.js:199:9)
    at corsMiddleware (C:\Users\Ravi\Desktop\zeedaddy\sonuserver\node_modules\cors\lib\index.js:204:7)
    at Layer.handle [as handle_request] (C:\Users\Ravi\Desktop\zeedaddy\sonuserver\node_modules\express\lib\router\layer.js:95:5)
    at trim_prefix (C:\Users\Ravi\Desktop\zeedaddy\sonuserver\node_modules\express\lib\router\index.js:328:13)
    at C:\Users\Ravi\Desktop\zeedaddy\sonuserver\node_modules\express\lib\router\index.js:286:9
    at Function.process_params (C:\Users\Ravi\Desktop\zeedaddy\sonuserver\node_modules\express\lib\router\index.js:346:12)
    at next (C:\Users\Ravi\Desktop\zeedaddy\sonuserver\node_modules\express\lib\router\index.js:280:10)
    at expressInit (C:\Users\Ravi\Desktop\zeedaddy\sonuserver\node_modules\express\lib\middleware\init.js:40:5) {"method":"GET","url":"/api/user/user-details","ip":"::1","userId":null}
2026-03-10 18:56:23 [ERROR]: Error: CORS blocked: http://localhost:5173
    at origin (file:///C:/Users/Ravi/Desktop/zeedaddy/sonuserver/index.js:65:18)
    at C:\Users\Ravi\Desktop\zeedaddy\sonuserver\node_modules\cors\lib\index.js:219:13
    at optionsCallback (C:\Users\Ravi\Desktop\zeedaddy\sonuserver\node_modules\cors\lib\index.js:199:9)
    at corsMiddleware (C:\Users\Ravi\Desktop\zeedaddy\sonuserver\node_modules\cors\lib\index.js:204:7)
    at Layer.handle [as handle_request] (C:\Users\Ravi\Desktop\zeedaddy\sonuserver\node_modules\express\lib\router\layer.js:95:5)
    at trim_prefix (C:\Users\Ravi\Desktop\zeedaddy\sonuserver\node_modules\express\lib\router\index.js:328:13)
    at C:\Users\Ravi\Desktop\zeedaddy\sonuserver\node_modules\express\lib\router\index.js:286:9
    at Function.process_params (C:\Users\Ravi\Desktop\zeedaddy\sonuserver\node_modules\express\lib\router\index.js:346:12)
    at next (C:\Users\Ravi\Desktop\zeedaddy\sonuserver\node_modules\express\lib\router\index.js:280:10)
    at expressInit (C:\Users\Ravi\Desktop\zeedaddy\sonuserver\node_modules\express\lib\middleware\init.js:40:5) {"method":"OPTIONS","url":"/api/user/register","ip":"::1","userId":null}
2026-03-10 19:02:35 [ERROR]: Error: CORS blocked: http://localhost:5173
    at origin (file:///C:/Users/Ravi/Desktop/zeedaddy/sonuserver/index.js:65:18)
    at C:\Users\Ravi\Desktop\zeedaddy\sonuserver\node_modules\cors\lib\index.js:219:13
    at optionsCallback (C:\Users\Ravi\Desktop\zeedaddy\sonuserver\node_modules\cors\lib\index.js:199:9)
    at corsMiddleware (C:\Users\Ravi\Desktop\zeedaddy\sonuserver\node_modules\cors\lib\index.js:204:7)
    at Layer.handle [as handle_request] (C:\Users\Ravi\Desktop\zeedaddy\sonuserver\node_modules\express\lib\router\layer.js:95:5)
    at trim_prefix (C:\Users\Ravi\Desktop\zeedaddy\sonuserver\node_modules\express\lib\router\index.js:328:13)
    at C:\Users\Ravi\Desktop\zeedaddy\sonuserver\node_modules\express\lib\router\index.js:286:9
    at Function.process_params (C:\Users\Ravi\Desktop\zeedaddy\sonuserver\node_modules\express\lib\router\index.js:346:12)
    at next (C:\Users\Ravi\Desktop\zeedaddy\sonuserver\node_modules\express\lib\router\index.js:280:10)
    at expressInit (C:\Users\Ravi\Desktop\zeedaddy\sonuserver\node_modules\express\lib\middleware\init.js:40:5) {"method":"GET","url":"/api/user/user-details","ip":"::1","userId":null}
2026-03-10 19:02:35 [ERROR]: Error: CORS blocked: http://localhost:5173
    at origin (file:///C:/Users/Ravi/Desktop/zeedaddy/sonuserver/index.js:65:18)
    at C:\Users\Ravi\Desktop\zeedaddy\sonuserver\node_modules\cors\lib\index.js:219:13
    at optionsCallback (C:\Users\Ravi\Desktop\zeedaddy\sonuserver\node_modules\cors\lib\index.js:199:9)
    at corsMiddleware (C:\Users\Ravi\Desktop\zeedaddy\sonuserver\node_modules\cors\lib\index.js:204:7)
    at Layer.handle [as handle_request] (C:\Users\Ravi\Desktop\zeedaddy\sonuserver\node_modules\express\lib\router\layer.js:95:5)
    at trim_prefix (C:\Users\Ravi\Desktop\zeedaddy\sonuserver\node_modules\express\lib\router\index.js:328:13)
    at C:\Users\Ravi\Desktop\zeedaddy\sonuserver\node_modules\express\lib\router\index.js:286:9
    at Function.process_params (C:\Users\Ravi\Desktop\zeedaddy\sonuserver\node_modules\express\lib\router\index.js:346:12)
    at next (C:\Users\Ravi\Desktop\zeedaddy\sonuserver\node_modules\express\lib\router\index.js:280:10)
    at expressInit (C:\Users\Ravi\Desktop\zeedaddy\sonuserver\node_modules\express\lib\middleware\init.js:40:5) {"method":"GET","url":"/api/user/user-details","ip":"::1","userId":null}
2026-03-10 19:02:35 [ERROR]: Error: CORS blocked: http://localhost:5173
    at origin (file:///C:/Users/Ravi/Desktop/zeedaddy/sonuserver/index.js:65:18)
    at C:\Users\Ravi\Desktop\zeedaddy\sonuserver\node_modules\cors\lib\index.js:219:13
    at optionsCallback (C:\Users\Ravi\Desktop\zeedaddy\sonuserver\node_modules\cors\lib\index.js:199:9)
    at corsMiddleware (C:\Users\Ravi\Desktop\zeedaddy\sonuserver\node_modules\cors\lib\index.js:204:7)
    at Layer.handle [as handle_request] (C:\Users\Ravi\Desktop\zeedaddy\sonuserver\node_modules\express\lib\router\layer.js:95:5)
    at trim_prefix (C:\Users\Ravi\Desktop\zeedaddy\sonuserver\node_modules\express\lib\router\index.js:328:13)
    at C:\Users\Ravi\Desktop\zeedaddy\sonuserver\node_modules\express\lib\router\index.js:286:9
    at Function.process_params (C:\Users\Ravi\Desktop\zeedaddy\sonuserver\node_modules\express\lib\router\index.js:346:12)
    at next (C:\Users\Ravi\Desktop\zeedaddy\sonuserver\node_modules\express\lib\router\index.js:280:10)
    at expressInit (C:\Users\Ravi\Desktop\zeedaddy\sonuserver\node_modules\express\lib\middleware\init.js:40:5) {"method":"GET","url":"/api/user/user-details","ip":"::1","userId":null}
2026-03-10 19:02:47 [ERROR]: Error: CORS blocked: http://localhost:5173
    at origin (file:///C:/Users/Ravi/Desktop/zeedaddy/sonuserver/index.js:65:18)
    at C:\Users\Ravi\Desktop\zeedaddy\sonuserver\node_modules\cors\lib\index.js:219:13
    at optionsCallback (C:\Users\Ravi\Desktop\zeedaddy\sonuserver\node_modules\cors\lib\index.js:199:9)
    at corsMiddleware (C:\Users\Ravi\Desktop\zeedaddy\sonuserver\node_modules\cors\lib\index.js:204:7)
    at Layer.handle [as handle_request] (C:\Users\Ravi\Desktop\zeedaddy\sonuserver\node_modules\express\lib\router\layer.js:95:5)
    at trim_prefix (C:\Users\Ravi\Desktop\zeedaddy\sonuserver\node_modules\express\lib\router\index.js:328:13)
    at C:\Users\Ravi\Desktop\zeedaddy\sonuserver\node_modules\express\lib\router\index.js:286:9
    at Function.process_params (C:\Users\Ravi\Desktop\zeedaddy\sonuserver\node_modules\express\lib\router\index.js:346:12)
    at next (C:\Users\Ravi\Desktop\zeedaddy\sonuserver\node_modules\express\lib\router\index.js:280:10)
    at expressInit (C:\Users\Ravi\Desktop\zeedaddy\sonuserver\node_modules\express\lib\middleware\init.js:40:5) {"method":"OPTIONS","url":"/api/user/register","ip":"::1","userId":null}
2026-03-10 19:04:05 [ERROR]: Error sending email {"error":"No recipients defined","to":{"sendTo":"sonuee15@gmail.com","subject":"Verify your email – Zeedaddy","text":"Your OTP is: 457107. It expires in 10 minutes.","html":"<!DOCTYPE html>\n<html lang=\"en\">\n<head>\n  <meta charset=\"UTF-8\"/>\n  <meta name=\"viewport\" content=\"width=device-width, initial-scale=1.0\"/>\n  <title>Verify Your Email – Zeedaddy</title>\n</head>\n<body style=\"margin:0;padding:0;background:#f4f4f4;font-family:Arial,sans-serif;color:#333;\">\n\n  <table width=\"100%\" cellpadding=\"0\" cellspacing=\"0\" style=\"background:#f4f4f4;padding:30px 16px;\">\n    <tr><td align=\"center\">\n      <table width=\"600\" cellpadding=\"0\" cellspacing=\"0\"\n             style=\"max-width:600px;width:100%;background:#ffffff;\n                    border-radius:10px;overflow:hidden;\n                    box-shadow:0 4px 12px rgba(0,0,0,0.1);\">\n\n        <!-- Header -->\n        <tr>\n          <td style=\"background:#4CAF50;padding:28px 32px;text-align:center;\">\n            <h1 style=\"margin:0;color:#ffffff;font-size:24px;font-weight:700;\">\n              Zeedaddy\n            </h1>\n            <p style=\"margin:6px 0 0;color:rgba(255,255,255,0.88);font-size:14px;\">\n              Email Verification\n            </p>\n          </td>\n        </tr>\n\n        <!-- Body -->\n        <tr>\n          <td style=\"padding:36px 40px;\">\n\n            <p style=\"margin:0 0 8px;font-size:20px;font-weight:700;color:#1a1a1a;\">\n              Hi sonu kumar! 👋\n            </p>\n            <p style=\"margin:0 0 24px;font-size:15px;line-height:1.7;color:#555;\">\n              Thank you for registering with <strong>Zeedaddy</strong>.\n              Use the OTP below to verify your email address.\n              This code is valid for <strong>10 minutes</strong>.\n            </p>\n\n            <!-- OTP Box -->\n            <table width=\"100%\" cellpadding=\"0\" cellspacing=\"0\" style=\"margin-bottom:28px;\">\n              <tr>\n                <td align=\"center\">\n                  <div style=\"display:inline-block;\n                              background:#f0fdf4;\n                              border:2px dashed #4CAF50;\n                              border-radius:12px;\n                              padding:20px 52px;\n                              text-align:center;\">\n                    <p style=\"margin:0 0 4px;font-size:11px;font-weight:700;\n                               color:#999;text-transform:uppercase;letter-spacing:2px;\">\n                      Your OTP Code\n                    </p>\n                    <p style=\"margin:0;font-size:44px;font-weight:900;\n                               color:#4CAF50;letter-spacing:10px;line-height:1.2;\">\n                      457107\n                    </p>\n                  </div>\n                </td>\n              </tr>\n            </table>\n\n            <!-- Warning -->\n            <table width=\"100%\" cellpadding=\"0\" cellspacing=\"0\" style=\"margin-bottom:24px;\">\n              <tr>\n                <td style=\"background:#fffbeb;border-left:4px solid #f59e0b;\n                            border-radius:6px;padding:14px 18px;\">\n                  <p style=\"margin:0;font-size:13px;color:#92400e;line-height:1.6;\">\n                    ⚠️ <strong>Never share this OTP</strong> with anyone.\n                    If you didn't create an account, please ignore this email.\n                  </p>\n                </td>\n              </tr>\n            </table>\n\n            <p style=\"margin:0;font-size:14px;color:#999;line-height:1.6;\">\n              Need help? Contact our support team anytime.\n            </p>\n          </td>\n        </tr>\n\n        <!-- Divider -->\n        <tr>\n          <td style=\"padding:0 40px;\">\n            <hr style=\"border:none;border-top:1px solid #eeeeee;margin:0;\"/>\n          </td>\n        </tr>\n\n        <!-- Footer -->\n        <tr>\n          <td style=\"padding:20px 40px;text-align:center;\">\n            <p style=\"margin:0;font-size:12px;color:#aaa;line-height:1.7;\">\n              © 2026 Zeedaddy. All rights reserved.<br/>\n              This is an automated email — please do not reply.\n            </p>\n          </td>\n        </tr>\n\n      </table>\n    </td></tr>\n  </table>\n\n</body>\n</html>"}}
